12:36:20.564 [info] Child {LoggerFileBackend, :general_log} of Supervisor Logger.Backends.Supervisor started
Pid: #PID<0.118.0>
Start Call: Logger.Backends.Watcher.start_link({{LoggerFileBackend, :general_log}, {LoggerFileBackend, :general_log}})
Restart: :transient
Shutdown: 5000
Type: :worker
12:36:20.564 [info] Child Logger.Backends.Supervisor of Supervisor Logger.Backends.Internal started
Pid: #PID<0.117.0>
Start Call: Logger.Backends.Supervisor.start_link([{LoggerFileBackend, :general_log}])
Restart: :permanent
Shutdown: :infinity
Type: :supervisor
12:36:20.564 [info] Child Logger.Backends.Internal of Supervisor Logger.Supervisor started
Pid: #PID<0.113.0>
Start Call: Logger.Backends.Internal.start_link([])
Restart: :permanent
Shutdown: :infinity
Type: :supervisor
12:36:20.564 [info] Application logger started at :nonode@nohost
12:36:21.482 [info] Child :ttb_autostart of Supervisor :runtime_tools_sup started
Pid: #PID<0.1442.0>
Start Call: :ttb_autostart.start_link()
Restart: :temporary
Shutdown: 3000
Type: :worker
12:36:21.482 [info] Application runtime_tools started at :nonode@nohost
12:36:21.484 [info] Application erts started at :nonode@nohost
12:36:21.484 [info] Application lx_lexical_shared started at :nonode@nohost
12:36:21.485 [info] Child LXSnowflake.Generator of Supervisor #PID<0.1448.0> (Supervisor.Default) started
Pid: #PID<0.1449.0>
Start Call: LXSnowflake.Generator.start_link(1704070800000, 1)
Restart: :permanent
Shutdown: 5000
Type: :worker
12:36:21.485 [info] Application lx_snowflake started at :nonode@nohost
12:36:21.485 [info] Application lx_sourceror started at :nonode@nohost
12:36:21.485 [info] Application lx_common started at :nonode@nohost
12:36:21.485 [info] Application lx_elixir_sense started at :nonode@nohost
12:36:21.490 [info] Application jason started at :nonode@nohost
12:36:21.490 [info] Application logger_file_backend started at :nonode@nohost
12:36:21.490 [info] Application lx_path_glob started at :nonode@nohost
12:36:21.490 [info] Application lx_proto started at :nonode@nohost
12:36:21.491 [info] Application lx_protocol started at :nonode@nohost
12:36:21.501 [info] Child LXical.Document.Store of Supervisor LXical.Server.Supervisor started
Pid: #PID<0.1462.0>
Start Call: LXical.Document.Store.start_link([derive: [analysis: &LXical.Ast.analyze/1]])
Restart: :permanent
Shutdown: 5000
Type: :worker
12:36:21.504 [info] Child LXical.Server of Supervisor LXical.Server.Supervisor started
Pid: #PID<0.1463.0>
Start Call: LXical.Server.start_link([])
Restart: :permanent
Shutdown: 5000
Type: :worker
12:36:21.504 [info] Child LXical.Server.ProjectSupervisor of Supervisor LXical.Server.Supervisor started
Pid: #PID<0.1464.0>
Start Call: DynamicSupervisor.start_link([name: LXical.Server.ProjectSupervisor, strategy: :one_for_one])
Restart: :permanent
Shutdown: :infinity
Type: :supervisor
12:36:21.504 [info] Child LXical.Server.Provider.Queue.Supervisor of Supervisor LXical.Server.Supervisor started
Pid: #PID<0.1465.0>
Start Call: Task.Supervisor.start_link([name: LXical.Server.Provider.Queue.Supervisor])
Restart: :permanent
Shutdown: :infinity
Type: :supervisor
12:36:21.505 [info] Child LXical.Server.Provider.Queue of Supervisor LXical.Server.Supervisor started
Pid: #PID<0.1466.0>
Start Call: LXical.Server.Provider.Queue.start_link([])
Restart: :permanent
Shutdown: 5000
Type: :worker
12:36:21.505 [info] Child LXical.Server.Transport.StdIO of Supervisor LXical.Server.Supervisor started
Pid: #PID<0.1467.0>
Start Call: LXical.Server.Transport.StdIO.start_link(:standard_io, &LXical.Server.protocol_message/1)
Restart: :permanent
Shutdown: 5000
Type: :worker
12:36:21.505 [info] Application lx_server started at :nonode@nohost
12:36:21.519 [info] Starting project at uri file:///Users/zoedsoupe/dev/supabase/storage-ex
12:36:21.532 [info] Child {LXical.Server.Project.Progress, "storage_ex"} of Supervisor :"storage_ex::supervisor" started
Pid: #PID<0.1469.0>
Start Call: LXical.Server.Project.Progress.start_link(%LXical.Project{root_uri: "file:///Users/zoedsoupe/dev/supabase/storage-ex", mix_exs_uri: "file:///Users/zoedsoupe/dev/supabase/storage-ex/mix.exs", mix_project?: true, mix_env: nil, mix_target: nil, env_variables: %{}, project_module: nil, entropy: 57170, project_config: []})
Restart: :permanent
Shutdown: 5000
Type: :worker
12:36:21.535 [info] Child {LXical.RemoteControl.ProjectNodeSupervisor, "storage_ex"} of Supervisor :"storage_ex::supervisor" started
Pid: #PID<0.1470.0>
Start Call: LXical.RemoteControl.ProjectNodeSupervisor.start_link(%LXical.Project{root_uri: "file:///Users/zoedsoupe/dev/supabase/storage-ex", mix_exs_uri: "file:///Users/zoedsoupe/dev/supabase/storage-ex/mix.exs", mix_project?: true, mix_env: nil, mix_target: nil, env_variables: %{}, project_module: nil, entropy: 57170, project_config: []})
Restart: :permanent
Shutdown: 5000
Type: :worker
12:36:21.547 [info] Child :erl_epmd of Supervisor :net_sup started
Pid: #PID<0.1473.0>
Start Call: :erl_epmd.start_link()
Restart: :permanent
Shutdown: 2000
Type: :worker
12:36:21.548 [info] Child :auth of Supervisor :net_sup started
Pid: #PID<0.1474.0>
Start Call: :auth.start_link()
Restart: :permanent
Shutdown: 2000
Type: :worker
12:36:21.551 [info] Child :net_kernel of Supervisor :net_sup started
Pid: #PID<0.1475.0>
Start Call: :net_kernel.start_link(%{name: :"manager-storage_ex-57170@127.0.0.1", supervisor: :net_sup_dynamic, net_tickintensity: 4, net_ticktime: 60, name_domain: :longnames, clean_halt: false})
Restart: :permanent
Shutdown: 2000
Type: :worker
12:36:21.551 [info] Child :net_sup_dynamic of Supervisor :kernel_sup started
Pid: #PID<0.1472.0>
Start Call: :erl_distribution.start_link(%{name: :"manager-storage_ex-57170@127.0.0.1", supervisor: :net_sup_dynamic, net_tickintensity: 4, net_ticktime: 60, name_domain: :longnames, clean_halt: false})
Restart: :permanent
Shutdown: 1000
Type: :supervisor
12:36:21.711 [error] Process #PID<0.1471.0> terminating
** (exit) {:badrpc, {:EXIT, {:undef, [{LXical.Project, :root_path, [%LXical.Project{root_uri: "file:///Users/zoedsoupe/dev/supabase/storage-ex", mix_exs_uri: "file:///Users/zoedsoupe/dev/supabase/storage-ex/mix.exs", mix_project?: true, mix_env: nil, mix_target: nil, env_variables: %{}, project_module: nil, entropy: 57170, project_config: []}], []}, {LXical.RemoteControl.Bootstrap, :init, 3, [file: ~c"lib/lexical/remote_control/bootstrap.ex", line: 20]}]}}}
    (stdlib 5.1.1) gen_server.erl:943: :gen_server.init_it/6
    (stdlib 5.1.1) proc_lib.erl:241: :proc_lib.init_p_do_apply/3
Initial Call: LXical.Server.Project.Node.init/1
Ancestors: [:"storage_ex::supervisor", LXical.Server.ProjectSupervisor, LXical.Server.Supervisor, #PID<0.1460.0>]
Message Queue Length: 0
Messages: []
Links: [#PID<0.1468.0>]
Dictionary: []
Trapping Exits: false
Status: :running
Heap Size: 6772
Stack Size: 28
Reductions: 201750
12:36:21.712 [error] Child {LXical.Server.Project.Node, "storage_ex"} of Supervisor :"storage_ex::supervisor" failed to start
** (exit) {:badrpc, {:EXIT, {:undef, [{LXical.Project, :root_path, [%LXical.Project{root_uri: "file:///Users/zoedsoupe/dev/supabase/storage-ex", mix_exs_uri: "file:///Users/zoedsoupe/dev/supabase/storage-ex/mix.exs", mix_project?: true, mix_env: nil, mix_target: nil, env_variables: %{}, project_module: nil, entropy: 57170, project_config: []}], []}, {LXical.RemoteControl.Bootstrap, :init, 3, [file: ~c"lib/lexical/remote_control/bootstrap.ex", line: 20]}]}}}
Start Call: LXical.Server.Project.Node.start_link(%LXical.Project{root_uri: "file:///Users/zoedsoupe/dev/supabase/storage-ex", mix_exs_uri: "file:///Users/zoedsoupe/dev/supabase/storage-ex/mix.exs", mix_project?: true, mix_env: nil, mix_target: nil, env_variables: %{}, project_module: nil, entropy: 57170, project_config: []})
Restart: :permanent
Shutdown: 5000
Type: :worker
12:36:21.715 [info] Lexical Initialized
12:36:21.715 [info] opened file:///Users/zoedsoupe/dev/supabase/storage-ex/lib/supabase/storage/application.ex
12:36:36.007 [error] Shutting down
12:36:36.007 [warn] Received an Exit notification. Halting the server in 150ms
12:36:36.008 [info] Child :timer_server of Supervisor :kernel_sup started
Pid: #PID<0.1482.0>
Start Call: :timer.start_link()
Restart: :permanent
Shutdown: 1000
Type: :worker
12:36:36.014 [error] stdio received :eof, server will stop.
12:36:36.014 [error] Child of Supervisor :standard_error_sup terminated
** (exit) :epipe
Pid: #PID<0.52.0>
Start Module: :standard_error
12:36:36.015 [error] Child LXical.Server.Transport.StdIO of Supervisor LXical.Server.Supervisor terminated
** (exit) normal
Pid: #PID<0.1467.0>
Start Call: LXical.Server.Transport.StdIO.start_link(:standard_io, &LXical.Server.protocol_message/1)
Restart: :permanent
Shutdown: 5000
Type: :worker
12:36:36.015 [info] Child LXical.Server.Transport.StdIO of Supervisor LXical.Server.Supervisor started
Pid: #PID<0.1483.0>
Start Call: LXical.Server.Transport.StdIO.start_link(:standard_io, &LXical.Server.protocol_message/1)
Restart: :permanent
Shutdown: 5000
Type: :worker
10:55:56.185 [info] Child {LoggerFileBackend, :general_log} of Supervisor Logger.Backends.Supervisor started
Pid: #PID<0.113.0>
Start Call: Logger.Backends.Watcher.start_link({{LoggerFileBackend, :general_log}, {LoggerFileBackend, :general_log}})
Restart: :transient
Shutdown: 5000
Type: :worker
10:55:56.185 [info] Child Logger.Backends.Supervisor of Supervisor Logger.Backends.Internal started
Pid: #PID<0.112.0>
Start Call: Logger.Backends.Supervisor.start_link([{LoggerFileBackend, :general_log}])
Restart: :permanent
Shutdown: :infinity
Type: :supervisor
10:55:56.185 [info] Child Logger.Backends.Internal of Supervisor Logger.Supervisor started
Pid: #PID<0.108.0>
Start Call: Logger.Backends.Internal.start_link([])
Restart: :permanent
Shutdown: :infinity
Type: :supervisor
10:55:56.185 [info] Application logger started at :nonode@nohost
10:55:57.371 [info] Child :ttb_autostart of Supervisor :runtime_tools_sup started
Pid: #PID<0.119.0>
Start Call: :ttb_autostart.start_link()
Restart: :temporary
Shutdown: 3000
Type: :worker
10:55:57.371 [info] Application runtime_tools started at :nonode@nohost
10:55:57.373 [info] Application erts started at :nonode@nohost
10:55:57.373 [info] Application lx_lexical_shared started at :nonode@nohost
10:55:57.374 [info] Child LXSnowflake.Generator of Supervisor #PID<0.125.0> (Supervisor.Default) started
Pid: #PID<0.126.0>
Start Call: LXSnowflake.Generator.start_link(1704070800000, 1)
Restart: :permanent
Shutdown: 5000
Type: :worker
10:55:57.374 [info] Application lx_snowflake started at :nonode@nohost
10:55:57.374 [info] Application lx_sourceror started at :nonode@nohost
10:55:57.374 [info] Application lx_common started at :nonode@nohost
10:55:57.374 [info] Application lx_elixir_sense started at :nonode@nohost
10:55:57.379 [info] Application jason started at :nonode@nohost
10:55:57.379 [info] Application logger_file_backend started at :nonode@nohost
10:55:57.379 [info] Application lx_path_glob started at :nonode@nohost
10:55:57.379 [info] Application lx_proto started at :nonode@nohost
10:55:57.379 [info] Application lx_protocol started at :nonode@nohost
10:55:57.390 [info] Child LXical.Document.Store of Supervisor LXical.Server.Supervisor started
Pid: #PID<0.139.0>
Start Call: LXical.Document.Store.start_link([derive: [analysis: &LXical.Ast.analyze/1]])
Restart: :permanent
Shutdown: 5000
Type: :worker
10:55:57.392 [info] Child LXical.Server of Supervisor LXical.Server.Supervisor started
Pid: #PID<0.140.0>
Start Call: LXical.Server.start_link([])
Restart: :permanent
Shutdown: 5000
Type: :worker
10:55:57.392 [info] Child LXical.Server.ProjectSupervisor of Supervisor LXical.Server.Supervisor started
Pid: #PID<0.141.0>
Start Call: DynamicSupervisor.start_link([name: LXical.Server.ProjectSupervisor, strategy: :one_for_one])
Restart: :permanent
Shutdown: :infinity
Type: :supervisor
10:55:57.392 [info] Child LXical.Server.TaskQueue.State.TaskSupervisor of Supervisor LXical.Server.Supervisor started
Pid: #PID<0.142.0>
Start Call: Task.Supervisor.start_link([name: LXical.Server.TaskQueue.State.TaskSupervisor])
Restart: :permanent
Shutdown: :infinity
Type: :supervisor
10:55:57.392 [info] Child LXical.Server.TaskQueue of Supervisor LXical.Server.Supervisor started
Pid: #PID<0.143.0>
Start Call: LXical.Server.TaskQueue.start_link([])
Restart: :permanent
Shutdown: 5000
Type: :worker
10:55:57.392 [info] Child LXical.Server.Transport.StdIO of Supervisor LXical.Server.Supervisor started
Pid: #PID<0.144.0>
Start Call: LXical.Server.Transport.StdIO.start_link(:standard_io, &LXical.Server.protocol_message/1)
Restart: :permanent
Shutdown: 5000
Type: :worker
10:55:57.392 [info] Application lx_server started at :nonode@nohost
10:55:57.403 [info] Starting project at uri file:///Users/zoedsoupe/dev/supabase/storage-ex
10:55:57.418 [info] Child {LXical.Server.Project.Progress, "storage_ex"} of Supervisor :"storage_ex::supervisor" started
Pid: #PID<0.146.0>
Start Call: LXical.Server.Project.Progress.start_link(%LXical.Project{root_uri: "file:///Users/zoedsoupe/dev/supabase/storage-ex", mix_exs_uri: "file:///Users/zoedsoupe/dev/supabase/storage-ex/mix.exs", mix_project?: true, mix_env: nil, mix_target: nil, env_variables: %{}, project_module: nil, entropy: 13733})
Restart: :permanent
Shutdown: 5000
Type: :worker
10:55:57.421 [info] Child {LXical.RemoteControl.ProjectNodeSupervisor, "storage_ex"} of Supervisor :"storage_ex::supervisor" started
Pid: #PID<0.147.0>
Start Call: LXical.RemoteControl.ProjectNodeSupervisor.start_link(%LXical.Project{root_uri: "file:///Users/zoedsoupe/dev/supabase/storage-ex", mix_exs_uri: "file:///Users/zoedsoupe/dev/supabase/storage-ex/mix.exs", mix_project?: true, mix_env: nil, mix_target: nil, env_variables: %{}, project_module: nil, entropy: 13733})
Restart: :permanent
Shutdown: 5000
Type: :worker
10:55:57.440 [info] Child :erl_epmd of Supervisor :net_sup started
Pid: #PID<0.150.0>
Start Call: :erl_epmd.start_link()
Restart: :permanent
Shutdown: 2000
Type: :worker
10:55:57.441 [info] Child :auth of Supervisor :net_sup started
Pid: #PID<0.151.0>
Start Call: :auth.start_link()
Restart: :permanent
Shutdown: 2000
Type: :worker
10:55:57.443 [info] Child :net_kernel of Supervisor :net_sup started
Pid: #PID<0.152.0>
Start Call: :net_kernel.start_link(%{clean_halt: false, name: :"manager-storage_ex-13733@127.0.0.1", name_domain: :longnames, supervisor: :net_sup_dynamic})
Restart: :permanent
Shutdown: 2000
Type: :worker
10:55:57.443 [info] Child :net_sup_dynamic of Supervisor :kernel_sup started
Pid: #PID<0.149.0>
Start Call: :erl_distribution.start_link(%{clean_halt: false, name: :"manager-storage_ex-13733@127.0.0.1", name_domain: :longnames, supervisor: :net_sup_dynamic})
Restart: :permanent
Shutdown: 1000
Type: :supervisor
10:55:59.081 [info] Child of Supervisor :inet_gethost_native_sup started
Pid: #PID<0.163.0>
Start Call: :inet_gethost_native.init([])
10:55:59.081 [info] Child :inet_gethost_native_sup of Supervisor :kernel_safe_sup started
Pid: #PID<0.162.0>
Start Call: :inet_gethost_native.start_link()
Restart: :temporary
Shutdown: 1000
Type: :worker
10:55:59.174 [info] Child {LXical.Server.Project.Node, "storage_ex"} of Supervisor :"storage_ex::supervisor" started
Pid: #PID<0.148.0>
Start Call: LXical.Server.Project.Node.start_link(%LXical.Project{root_uri: "file:///Users/zoedsoupe/dev/supabase/storage-ex", mix_exs_uri: "file:///Users/zoedsoupe/dev/supabase/storage-ex/mix.exs", mix_project?: true, mix_env: nil, mix_target: nil, env_variables: %{}, project_module: nil, entropy: 13733})
Restart: :permanent
Shutdown: 5000
Type: :worker
10:55:59.179 [info] Child {LXical.Server.Project.Diagnostics, "storage_ex"} of Supervisor :"storage_ex::supervisor" started
Pid: #PID<0.171.0>
Start Call: LXical.Server.Project.Diagnostics.start_link(%LXical.Project{root_uri: "file:///Users/zoedsoupe/dev/supabase/storage-ex", mix_exs_uri: "file:///Users/zoedsoupe/dev/supabase/storage-ex/mix.exs", mix_project?: true, mix_env: nil, mix_target: nil, env_variables: %{}, project_module: nil, entropy: 13733})
Restart: :permanent
Shutdown: 5000
Type: :worker
10:55:59.183 [info] Child {LXical.Server.Project.Intelligence, "storage_ex"} of Supervisor :"storage_ex::supervisor" started
Pid: #PID<0.172.0>
Start Call: LXical.Server.Project.Intelligence.start_link(%LXical.Project{root_uri: "file:///Users/zoedsoupe/dev/supabase/storage-ex", mix_exs_uri: "file:///Users/zoedsoupe/dev/supabase/storage-ex/mix.exs", mix_project?: true, mix_env: nil, mix_target: nil, env_variables: %{}, project_module: nil, entropy: 13733})
Restart: :permanent
Shutdown: 5000
Type: :worker
10:55:59.185 [info] Child LXical.Server.Project.SearchListener of Supervisor :"storage_ex::supervisor" started
Pid: #PID<0.173.0>
Start Call: LXical.Server.Project.SearchListener.start_link(%LXical.Project{root_uri: "file:///Users/zoedsoupe/dev/supabase/storage-ex", mix_exs_uri: "file:///Users/zoedsoupe/dev/supabase/storage-ex/mix.exs", mix_project?: true, mix_env: nil, mix_target: nil, env_variables: %{}, project_module: nil, entropy: 13733})
Restart: :permanent
Shutdown: 5000
Type: :worker
10:55:59.187 [info] Lexical Initialized
10:55:59.187 [info] opened file:///Users/zoedsoupe/dev/supabase/storage-ex/lib/supabase/storage/object.ex
10:56:00.351 [info] Compiled storage_ex in 1.2 seconds
10:56:20.200 [info] opened file:///Users/zoedsoupe/dev/supabase/storage-ex/lib/supabase/storage/file.ex
10:56:28.090 [info] Compiled storage_ex in 160 ms
10:56:30.345 [error] Invalid diagnostic: {:exception, {%FunctionClauseError{module: LXical.RemoteControl.Build.Error, function: :error_to_diagnostic, arity: 4, kind: nil, args: [#LXical.Document<path: "/Users/zoedsoupe/dev/supabase/storage-ex/lib/supabase/storage/file.ex", version: 13, dirty?: true, lines: %Lines<"defmodule Supabase.Storage.File do..."(61 lines)>, ...>, :function_clause, [{LXical.RemoteControl.Build.Error, :error_to_diagnostic, [#LXical.Document<path: "/Users/zoedsoupe/dev/supabase/storage-ex/lib/supabase/storage/file.ex", version: 13, dirty?: true, lines: %Lines<"defmodule Supabase.Storage.File do..."(61 lines)>, ...>, %Kernel.TypespecError{file: "/Users/zoedsoupe/dev/supabase/storage-ex/lib/supabase/storage/file.ex", line: 8, description: "invalid type specification: doc"}, [{Kernel.Typespec, :compile_error, 2, [file: ~c"lib/kernel/typespec.ex", line: 959]}, {:lists, :foldl, 3, [file: ~c"lists.erl", line: 2146]}, {Kernel.Typespec, :translate_typespecs_for_module, 2, [file: ~c"lib/kernel/typespec.ex", line: 226]}, {:elixir_erl, :compile, 1, [file: ~c"src/elixir_erl.erl", line: 140]}, {:elixir_module, :"-compile/7-fun-1-", 9, [file: ~c"src/elixir_module.erl", line: 216]}, {:elixir_erl_compiler, :"-spawn/1-fun-0-", 3, [file: ~c"src/elixir_erl_compiler.erl", line: 19]}], {:defmodule, [end_of_expression: [newlines: 1, line: 61, column: 4], do: [line: 1, column: 33], end: [line: 61, column: 1], line: 1, column: 1], [{:__aliases__, [last: [line: 1, column: 28], line: 1, column: 11], [:Supabase, :Storage, :File]}, [do: {:__block__, [], [{:@, [end_of_expression: [newlines: 2, line: 2, column: 73], line: 2, column: 3], [{:moduledoc, [line: 2, column: 4], ["Defines the API to interact with Storage Files in Buckets"]}]}, {:use, [end_of_expression: [newlines: 2, line: 4, column: 18], line: 4, column: 3], [{:__aliases__, [last: [line: 4, column: 12], line: 4, column: 7], [:Ecto, :Schema]}]}, {:import, [end_of_expression: [newlines: 2, line: 6, column: 24], line: 6, column: 3], [{:__aliases__, [last: [line: 6, column: 15], line: 6, column: 10], [:Ecto, :Changeset]}]}, {:@, [end_of_expression: [newlines: 1, line: 8, column: 12], line: 8, column: 3], [{:type, [line: 8, column: 4], [{:doc, [line: 8, column: 9], nil}]}]}, {:@, [end_of_expression: [newlines: 2, line: 19, column: 10], line: 9, column: 3], [{:type, [line: 9, column: 4], [{:"::", [line: 9, column: 11], [{:t, [line: 9, column: 9], nil}, {:%, [line: 9, column: 14], [{...}, ...]}]}]}]}, {:@, [end_of_expression: [newlines: 2, line: 21, column: 92], line: 21, column: 3], [{:fields, [line: 21, column: 4], [{:sigil_w, [delimiter: "(", line: 21, column: 11], [{:<<>>, [line: 21, column: 11], ["id path bucket_id name owner created_at updated_at metadata last_accessed_at"]}, ~c"a"]}]}]}, {:@, [end_of_expression: [newlines: 1, line: 23, column: 21], line: 23, column: 3], [{:primary_key, [line: 23, column: 4], [false]}]}, {:embedded_schema, [end_of_expression: [newlines: 2, line: 34, column: 6], do: [line: 24, column: 19], end: [line: 34, column: 3], line: 24, column: 3], [[do: {:__block__, [], [{:field, [end_of_expression: [newlines: 1, line: 25, ...], closing: [line: 25, ...], line: 25, ...], [:path, :string]}, {:field, [end_of_expression: [newlines: 1, ...], closing: [...], ...], [:id, ...]}, {:field, [end_of_expression: [...], ...], [...]}, {:field, [...], ...}, {:field, ...}, {...}, ...]}]]}, {:@, [end_of_expression: [newlines: 1, line: 36, column: 46], line: 36, column: 3], [{:spec, [line: 36, column: 4], [{:"::", [line: 36, column: 32], [{:parse, ...}, {...}]}]}]}, {:def, [end_of_expression: [newlines: 2, line: 48, column: 6], do: [line: 37, column: 40], end: [line: 48, column: 3], line: 37, column: 3], [{:when, [line: 37, column: 20], [{:parse, [closing: [line: 37, ...], line: 37, ...], [{...}]}, {:is_list, [closing: [...], ...], [...]}]}, [do: {:|>, [end_of_expression: [newlines: 1, line: 47, column: 9], newlines: 1, line: 44, column: 5], [{{:., ...}, [...], ...}, {:then, ...}]}]]}, {:def, [end_of_expression: [newlines: 2, line: 55, column: 6], do: [line: 50, column: 20], end: [line: 55, column: 3], line: 50, column: 3], [{:parse, [closing: [line: 50, column: 18], line: 50, column: 7], [{:attrs, [line: 50, ...], nil}]}, [do: {:|>, [end_of_expression: [newlines: 1, line: 54, ...], newlines: 1, line: 54, ...], [{:|>, ...}, {...}]}]]}, {:alias, [end_of_expression: [newlines: 2, line: 57, column: 25], line: 57, column: 3], [{:__aliases__, [last: [line: 57, column: 18], line: 57, column: 9], [:Supabase, :Storage]}]}, {:def, [end_of_expression: [newlines: 1, line: 60, column: 6], do: [line: 59, column: 26], end: [line: 60, column: 3], line: 59, column: 3], [{:upload, [closing: [line: 59, column: 24], line: 59, column: 7], [{:%, ...}]}, [do: {:__block__, [], []}]]}]}]]}], [file: ~c"lib/lexical/remote_control/build/error.ex", line: 94]}, {LXical.RemoteControl.Build.Document.Compilers.Quoted, :do_compile, 2, [file: ~c"lib/lexical/remote_control/build/document/compilers/quoted.ex", line: 49]}, {LXical.RemoteControl.Build.Document.Compilers.Quoted, :compile, 3, [file: ~c"lib/lexical/remote_control/build/document/compilers/quoted.ex", line: 22]}, {LXical.RemoteControl.Build.Isolation, :"-invoke/1-fun-0-", 2, [file: ~c"lib/lexical/remote_control/build/isolation.ex", line: 12]}], nil], clauses: nil}, [{LXical.RemoteControl.Build.Error, :error_to_diagnostic, 4, [file: ~c"lib/lexical/remote_control/build/error.ex", line: 94]}, {LXical.RemoteControl.Build.Document, :compile, 1, [file: ~c"lib/lexical/remote_control/build/document.ex", line: 18]}, {Mix.Project, :in_project, 4, [file: ~c"lib/mix/project.ex", line: 476]}, {File, :cd!, 2, [file: ~c"lib/file.ex", line: 1665]}, {LXical.RemoteControl.Mix, :"-in_project/2-fun-0-", 3, [file: ~c"lib/lexical/remote_control/mix.ex", line: 29]}, {:global, :trans, 4, [file: ~c"global.erl", line: 699]}, {:timer, :tc, 2, [file: ~c"timer.erl", line: 595]}, {LXical.RemoteControl.Build.State, :"-compile_file/2-fun-3-", 3, [file: ~c"lib/lexical/remote_control/build/state.ex", line: 129]}]}, [{LXical.RemoteControl.Build.Error, :error_to_diagnostic, [#LXical.Document<path: "/Users/zoedsoupe/dev/supabase/storage-ex/lib/supabase/storage/file.ex", version: 13, dirty?: true, lines: %Lines<"defmodule Supabase.Storage.File do..."(61 lines)>, ...>, :function_clause, [{LXical.RemoteControl.Build.Error, :error_to_diagnostic, [#LXical.Document<path: "/Users/zoedsoupe/dev/supabase/storage-ex/lib/supabase/storage/file.ex", version: 13, dirty?: true, lines: %Lines<"defmodule Supabase.Storage.File do..."(61 lines)>, ...>, %Kernel.TypespecError{file: "/Users/zoedsoupe/dev/supabase/storage-ex/lib/supabase/storage/file.ex", line: 8, description: "invalid type specification: doc"}, [{Kernel.Typespec, :compile_error, 2, [file: ~c"lib/kernel/typespec.ex", line: 959]}, {:lists, :foldl, 3, [file: ~c"lists.erl", line: 2146]}, {Kernel.Typespec, :translate_typespecs_for_module, 2, [file: ~c"lib/kernel/typespec.ex", line: 226]}, {:elixir_erl, :compile, 1, [file: ~c"src/elixir_erl.erl", line: 140]}, {:elixir_module, :"-compile/7-fun-1-", 9, [file: ~c"src/elixir_module.erl", line: 216]}, {:elixir_erl_compiler, :"-spawn/1-fun-0-", 3, [file: ~c"src/elixir_erl_compiler.erl", line: 19]}], {:defmodule, [end_of_expression: [newlines: 1, line: 61, column: 4], do: [line: 1, column: 33], end: [line: 61, column: 1], line: 1, column: 1], [{:__aliases__, [last: [line: 1, column: 28], line: 1, column: 11], [:Supabase, :Storage, :File]}, [do: {:__block__, [], [{:@, [end_of_expression: [newlines: 2, line: 2, column: 73], line: 2, column: 3], [{:moduledoc, [line: 2, column: 4], ["Defines the API to interact with Storage Files in Buckets"]}]}, {:use, [end_of_expression: [newlines: 2, line: 4, column: 18], line: 4, column: 3], [{:__aliases__, [last: [line: 4, column: 12], line: 4, column: 7], [:Ecto, :Schema]}]}, {:import, [end_of_expression: [newlines: 2, line: 6, column: 24], line: 6, column: 3], [{:__aliases__, [last: [line: 6, column: 15], line: 6, column: 10], [:Ecto, :Changeset]}]}, {:@, [end_of_expression: [newlines: 1, line: 8, co (truncated)
10:56:30.757 [error] Invalid diagnostic: {:exception, {%FunctionClauseError{module: LXical.RemoteControl.Build.Error, function: :error_to_diagnostic, arity: 4, kind: nil, args: [#LXical.Document<path: "/Users/zoedsoupe/dev/supabase/storage-ex/lib/supabase/storage/file.ex", version: 14, dirty?: true, lines: %Lines<"defmodule Supabase.Storage.File do..."(61 lines)>, ...>, :function_clause, [{LXical.RemoteControl.Build.Error, :error_to_diagnostic, [#LXical.Document<path: "/Users/zoedsoupe/dev/supabase/storage-ex/lib/supabase/storage/file.ex", version: 14, dirty?: true, lines: %Lines<"defmodule Supabase.Storage.File do..."(61 lines)>, ...>, %Kernel.TypespecError{file: "/Users/zoedsoupe/dev/supabase/storage-ex/lib/supabase/storage/file.ex", line: 8, description: "invalid type specification: doc"}, [{Kernel.Typespec, :compile_error, 2, [file: ~c"lib/kernel/typespec.ex", line: 959]}, {:lists, :foldl, 3, [file: ~c"lists.erl", line: 2146]}, {Kernel.Typespec, :translate_typespecs_for_module, 2, [file: ~c"lib/kernel/typespec.ex", line: 226]}, {:elixir_erl, :compile, 1, [file: ~c"src/elixir_erl.erl", line: 140]}, {:elixir_module, :"-compile/7-fun-1-", 9, [file: ~c"src/elixir_module.erl", line: 216]}, {:elixir_erl_compiler, :"-spawn/1-fun-0-", 3, [file: ~c"src/elixir_erl_compiler.erl", line: 19]}], {:defmodule, [end_of_expression: [newlines: 1, line: 61, column: 4], do: [line: 1, column: 33], end: [line: 61, column: 1], line: 1, column: 1], [{:__aliases__, [last: [line: 1, column: 28], line: 1, column: 11], [:Supabase, :Storage, :File]}, [do: {:__block__, [], [{:@, [end_of_expression: [newlines: 2, line: 2, column: 73], line: 2, column: 3], [{:moduledoc, [line: 2, column: 4], ["Defines the API to interact with Storage Files in Buckets"]}]}, {:use, [end_of_expression: [newlines: 2, line: 4, column: 18], line: 4, column: 3], [{:__aliases__, [last: [line: 4, column: 12], line: 4, column: 7], [:Ecto, :Schema]}]}, {:import, [end_of_expression: [newlines: 2, line: 6, column: 24], line: 6, column: 3], [{:__aliases__, [last: [line: 6, column: 15], line: 6, column: 10], [:Ecto, :Changeset]}]}, {:@, [end_of_expression: [newlines: 1, line: 8, column: 13], line: 8, column: 3], [{:type, [line: 8, column: 4], [{:doc, [line: 8, column: 9], nil}]}]}, {:@, [end_of_expression: [newlines: 2, line: 19, column: 10], line: 9, column: 3], [{:type, [line: 9, column: 4], [{:"::", [line: 9, column: 11], [{:t, [line: 9, column: 9], nil}, {:%, [line: 9, column: 14], [{...}, ...]}]}]}]}, {:@, [end_of_expression: [newlines: 2, line: 21, column: 92], line: 21, column: 3], [{:fields, [line: 21, column: 4], [{:sigil_w, [delimiter: "(", line: 21, column: 11], [{:<<>>, [line: 21, column: 11], ["id path bucket_id name owner created_at updated_at metadata last_accessed_at"]}, ~c"a"]}]}]}, {:@, [end_of_expression: [newlines: 1, line: 23, column: 21], line: 23, column: 3], [{:primary_key, [line: 23, column: 4], [false]}]}, {:embedded_schema, [end_of_expression: [newlines: 2, line: 34, column: 6], do: [line: 24, column: 19], end: [line: 34, column: 3], line: 24, column: 3], [[do: {:__block__, [], [{:field, [end_of_expression: [newlines: 1, line: 25, ...], closing: [line: 25, ...], line: 25, ...], [:path, :string]}, {:field, [end_of_expression: [newlines: 1, ...], closing: [...], ...], [:id, ...]}, {:field, [end_of_expression: [...], ...], [...]}, {:field, [...], ...}, {:field, ...}, {...}, ...]}]]}, {:@, [end_of_expression: [newlines: 1, line: 36, column: 46], line: 36, column: 3], [{:spec, [line: 36, column: 4], [{:"::", [line: 36, column: 32], [{:parse, ...}, {...}]}]}]}, {:def, [end_of_expression: [newlines: 2, line: 48, column: 6], do: [line: 37, column: 40], end: [line: 48, column: 3], line: 37, column: 3], [{:when, [line: 37, column: 20], [{:parse, [closing: [line: 37, ...], line: 37, ...], [{...}]}, {:is_list, [closing: [...], ...], [...]}]}, [do: {:|>, [end_of_expression: [newlines: 1, line: 47, column: 9], newlines: 1, line: 44, column: 5], [{{:., ...}, [...], ...}, {:then, ...}]}]]}, {:def, [end_of_expression: [newlines: 2, line: 55, column: 6], do: [line: 50, column: 20], end: [line: 55, column: 3], line: 50, column: 3], [{:parse, [closing: [line: 50, column: 18], line: 50, column: 7], [{:attrs, [line: 50, ...], nil}]}, [do: {:|>, [end_of_expression: [newlines: 1, line: 54, ...], newlines: 1, line: 54, ...], [{:|>, ...}, {...}]}]]}, {:alias, [end_of_expression: [newlines: 2, line: 57, column: 25], line: 57, column: 3], [{:__aliases__, [last: [line: 57, column: 18], line: 57, column: 9], [:Supabase, :Storage]}]}, {:def, [end_of_expression: [newlines: 1, line: 60, column: 6], do: [line: 59, column: 26], end: [line: 60, column: 3], line: 59, column: 3], [{:upload, [closing: [line: 59, column: 24], line: 59, column: 7], [{:%, ...}]}, [do: {:__block__, [], []}]]}]}]]}], [file: ~c"lib/lexical/remote_control/build/error.ex", line: 94]}, {LXical.RemoteControl.Build.Document.Compilers.Quoted, :do_compile, 2, [file: ~c"lib/lexical/remote_control/build/document/compilers/quoted.ex", line: 49]}, {LXical.RemoteControl.Build.Document.Compilers.Quoted, :compile, 3, [file: ~c"lib/lexical/remote_control/build/document/compilers/quoted.ex", line: 22]}, {LXical.RemoteControl.Build.Isolation, :"-invoke/1-fun-0-", 2, [file: ~c"lib/lexical/remote_control/build/isolation.ex", line: 12]}], nil], clauses: nil}, [{LXical.RemoteControl.Build.Error, :error_to_diagnostic, 4, [file: ~c"lib/lexical/remote_control/build/error.ex", line: 94]}, {LXical.RemoteControl.Build.Document, :compile, 1, [file: ~c"lib/lexical/remote_control/build/document.ex", line: 18]}, {Mix.Project, :in_project, 4, [file: ~c"lib/mix/project.ex", line: 476]}, {File, :cd!, 2, [file: ~c"lib/file.ex", line: 1665]}, {LXical.RemoteControl.Mix, :"-in_project/2-fun-0-", 3, [file: ~c"lib/lexical/remote_control/mix.ex", line: 29]}, {:global, :trans, 4, [file: ~c"global.erl", line: 699]}, {:timer, :tc, 2, [file: ~c"timer.erl", line: 595]}, {LXical.RemoteControl.Build.State, :"-compile_file/2-fun-3-", 3, [file: ~c"lib/lexical/remote_control/build/state.ex", line: 129]}]}, [{LXical.RemoteControl.Build.Error, :error_to_diagnostic, [#LXical.Document<path: "/Users/zoedsoupe/dev/supabase/storage-ex/lib/supabase/storage/file.ex", version: 14, dirty?: true, lines: %Lines<"defmodule Supabase.Storage.File do..."(61 lines)>, ...>, :function_clause, [{LXical.RemoteControl.Build.Error, :error_to_diagnostic, [#LXical.Document<path: "/Users/zoedsoupe/dev/supabase/storage-ex/lib/supabase/storage/file.ex", version: 14, dirty?: true, lines: %Lines<"defmodule Supabase.Storage.File do..."(61 lines)>, ...>, %Kernel.TypespecError{file: "/Users/zoedsoupe/dev/supabase/storage-ex/lib/supabase/storage/file.ex", line: 8, description: "invalid type specification: doc"}, [{Kernel.Typespec, :compile_error, 2, [file: ~c"lib/kernel/typespec.ex", line: 959]}, {:lists, :foldl, 3, [file: ~c"lists.erl", line: 2146]}, {Kernel.Typespec, :translate_typespecs_for_module, 2, [file: ~c"lib/kernel/typespec.ex", line: 226]}, {:elixir_erl, :compile, 1, [file: ~c"src/elixir_erl.erl", line: 140]}, {:elixir_module, :"-compile/7-fun-1-", 9, [file: ~c"src/elixir_module.erl", line: 216]}, {:elixir_erl_compiler, :"-spawn/1-fun-0-", 3, [file: ~c"src/elixir_erl_compiler.erl", line: 19]}], {:defmodule, [end_of_expression: [newlines: 1, line: 61, column: 4], do: [line: 1, column: 33], end: [line: 61, column: 1], line: 1, column: 1], [{:__aliases__, [last: [line: 1, column: 28], line: 1, column: 11], [:Supabase, :Storage, :File]}, [do: {:__block__, [], [{:@, [end_of_expression: [newlines: 2, line: 2, column: 73], line: 2, column: 3], [{:moduledoc, [line: 2, column: 4], ["Defines the API to interact with Storage Files in Buckets"]}]}, {:use, [end_of_expression: [newlines: 2, line: 4, column: 18], line: 4, column: 3], [{:__aliases__, [last: [line: 4, column: 12], line: 4, column: 7], [:Ecto, :Schema]}]}, {:import, [end_of_expression: [newlines: 2, line: 6, column: 24], line: 6, column: 3], [{:__aliases__, [last: [line: 6, column: 15], line: 6, column: 10], [:Ecto, :Changeset]}]}, {:@, [end_of_expression: [newlines: 1, line: 8, co (truncated)
10:57:17.376 [info] Compiled storage_ex in 182 ms
10:57:19.737 [error] Shutting down
10:57:19.737 [error] Received workspace/didChangeWatchedFiles after shutdown. Ignoring
10:57:19.749 [error] stdio received :eof, server will stop.
10:57:19.750 [error] Child LXical.Server.Transport.StdIO of Supervisor LXical.Server.Supervisor terminated
** (exit) normal
Pid: #PID<0.144.0>
Start Call: LXical.Server.Transport.StdIO.start_link(:standard_io, &LXical.Server.protocol_message/1)
Restart: :permanent
Shutdown: 5000
Type: :worker
10:57:19.750 [info] Child LXical.Server.Transport.StdIO of Supervisor LXical.Server.Supervisor started
Pid: #PID<0.174.0>
Start Call: LXical.Server.Transport.StdIO.start_link(:standard_io, &LXical.Server.protocol_message/1)
Restart: :permanent
Shutdown: 5000
Type: :worker
10:57:30.002 [info] Child {LoggerFileBackend, :general_log} of Supervisor Logger.Backends.Supervisor started
Pid: #PID<0.113.0>
Start Call: Logger.Backends.Watcher.start_link({{LoggerFileBackend, :general_log}, {LoggerFileBackend, :general_log}})
Restart: :transient
Shutdown: 5000
Type: :worker
10:57:30.002 [info] Child Logger.Backends.Supervisor of Supervisor Logger.Backends.Internal started
Pid: #PID<0.112.0>
Start Call: Logger.Backends.Supervisor.start_link([{LoggerFileBackend, :general_log}])
Restart: :permanent
Shutdown: :infinity
Type: :supervisor
10:57:30.002 [info] Child Logger.Backends.Internal of Supervisor Logger.Supervisor started
Pid: #PID<0.108.0>
Start Call: Logger.Backends.Internal.start_link([])
Restart: :permanent
Shutdown: :infinity
Type: :supervisor
10:57:30.002 [info] Application logger started at :nonode@nohost
10:57:31.150 [info] Child :ttb_autostart of Supervisor :runtime_tools_sup started
Pid: #PID<0.119.0>
Start Call: :ttb_autostart.start_link()
Restart: :temporary
Shutdown: 3000
Type: :worker
10:57:31.151 [info] Application runtime_tools started at :nonode@nohost
10:57:31.153 [info] Application erts started at :nonode@nohost
10:57:31.153 [info] Application lx_lexical_shared started at :nonode@nohost
10:57:31.153 [info] Child LXSnowflake.Generator of Supervisor #PID<0.125.0> (Supervisor.Default) started
Pid: #PID<0.126.0>
Start Call: LXSnowflake.Generator.start_link(1704070800000, 1)
Restart: :permanent
Shutdown: 5000
Type: :worker
10:57:31.153 [info] Application lx_snowflake started at :nonode@nohost
10:57:31.153 [info] Application lx_sourceror started at :nonode@nohost
10:57:31.153 [info] Application lx_common started at :nonode@nohost
10:57:31.153 [info] Application lx_elixir_sense started at :nonode@nohost
10:57:31.158 [info] Application jason started at :nonode@nohost
10:57:31.158 [info] Application logger_file_backend started at :nonode@nohost
10:57:31.158 [info] Application lx_path_glob started at :nonode@nohost
10:57:31.158 [info] Application lx_proto started at :nonode@nohost
10:57:31.159 [info] Application lx_protocol started at :nonode@nohost
10:57:31.168 [info] Child LXical.Document.Store of Supervisor LXical.Server.Supervisor started
Pid: #PID<0.139.0>
Start Call: LXical.Document.Store.start_link([derive: [analysis: &LXical.Ast.analyze/1]])
Restart: :permanent
Shutdown: 5000
Type: :worker
10:57:31.170 [info] Child LXical.Server of Supervisor LXical.Server.Supervisor started
Pid: #PID<0.140.0>
Start Call: LXical.Server.start_link([])
Restart: :permanent
Shutdown: 5000
Type: :worker
10:57:31.171 [info] Child LXical.Server.ProjectSupervisor of Supervisor LXical.Server.Supervisor started
Pid: #PID<0.141.0>
Start Call: DynamicSupervisor.start_link([name: LXical.Server.ProjectSupervisor, strategy: :one_for_one])
Restart: :permanent
Shutdown: :infinity
Type: :supervisor
10:57:31.171 [info] Child LXical.Server.TaskQueue.State.TaskSupervisor of Supervisor LXical.Server.Supervisor started
Pid: #PID<0.142.0>
Start Call: Task.Supervisor.start_link([name: LXical.Server.TaskQueue.State.TaskSupervisor])
Restart: :permanent
Shutdown: :infinity
Type: :supervisor
10:57:31.171 [info] Child LXical.Server.TaskQueue of Supervisor LXical.Server.Supervisor started
Pid: #PID<0.143.0>
Start Call: LXical.Server.TaskQueue.start_link([])
Restart: :permanent
Shutdown: 5000
Type: :worker
10:57:31.171 [info] Child LXical.Server.Transport.StdIO of Supervisor LXical.Server.Supervisor started
Pid: #PID<0.144.0>
Start Call: LXical.Server.Transport.StdIO.start_link(:standard_io, &LXical.Server.protocol_message/1)
Restart: :permanent
Shutdown: 5000
Type: :worker
10:57:31.171 [info] Application lx_server started at :nonode@nohost
10:57:31.180 [info] Starting project at uri file:///Users/zoedsoupe/dev/supabase/storage-ex
10:57:31.193 [info] Child {LXical.Server.Project.Progress, "storage_ex"} of Supervisor :"storage_ex::supervisor" started
Pid: #PID<0.146.0>
Start Call: LXical.Server.Project.Progress.start_link(%LXical.Project{root_uri: "file:///Users/zoedsoupe/dev/supabase/storage-ex", mix_exs_uri: "file:///Users/zoedsoupe/dev/supabase/storage-ex/mix.exs", mix_project?: true, mix_env: nil, mix_target: nil, env_variables: %{}, project_module: nil, entropy: 42972})
Restart: :permanent
Shutdown: 5000
Type: :worker
10:57:31.196 [info] Child {LXical.RemoteControl.ProjectNodeSupervisor, "storage_ex"} of Supervisor :"storage_ex::supervisor" started
Pid: #PID<0.147.0>
Start Call: LXical.RemoteControl.ProjectNodeSupervisor.start_link(%LXical.Project{root_uri: "file:///Users/zoedsoupe/dev/supabase/storage-ex", mix_exs_uri: "file:///Users/zoedsoupe/dev/supabase/storage-ex/mix.exs", mix_project?: true, mix_env: nil, mix_target: nil, env_variables: %{}, project_module: nil, entropy: 42972})
Restart: :permanent
Shutdown: 5000
Type: :worker
10:57:31.211 [info] Child :erl_epmd of Supervisor :net_sup started
Pid: #PID<0.150.0>
Start Call: :erl_epmd.start_link()
Restart: :permanent
Shutdown: 2000
Type: :worker
10:57:31.211 [info] Child :auth of Supervisor :net_sup started
Pid: #PID<0.151.0>
Start Call: :auth.start_link()
Restart: :permanent
Shutdown: 2000
Type: :worker
10:57:31.213 [info] Child :net_kernel of Supervisor :net_sup started
Pid: #PID<0.152.0>
Start Call: :net_kernel.start_link(%{clean_halt: false, name: :"manager-storage_ex-42972@127.0.0.1", name_domain: :longnames, supervisor: :net_sup_dynamic})
Restart: :permanent
Shutdown: 2000
Type: :worker
10:57:31.213 [info] Child :net_sup_dynamic of Supervisor :kernel_sup started
Pid: #PID<0.149.0>
Start Call: :erl_distribution.start_link(%{clean_halt: false, name: :"manager-storage_ex-42972@127.0.0.1", name_domain: :longnames, supervisor: :net_sup_dynamic})
Restart: :permanent
Shutdown: 1000
Type: :supervisor
10:57:32.809 [info] Child of Supervisor :inet_gethost_native_sup started
Pid: #PID<0.163.0>
Start Call: :inet_gethost_native.init([])
10:57:32.810 [info] Child :inet_gethost_native_sup of Supervisor :kernel_safe_sup started
Pid: #PID<0.162.0>
Start Call: :inet_gethost_native.start_link()
Restart: :temporary
Shutdown: 1000
Type: :worker
10:57:32.892 [info] Child {LXical.Server.Project.Node, "storage_ex"} of Supervisor :"storage_ex::supervisor" started
Pid: #PID<0.148.0>
Start Call: LXical.Server.Project.Node.start_link(%LXical.Project{root_uri: "file:///Users/zoedsoupe/dev/supabase/storage-ex", mix_exs_uri: "file:///Users/zoedsoupe/dev/supabase/storage-ex/mix.exs", mix_project?: true, mix_env: nil, mix_target: nil, env_variables: %{}, project_module: nil, entropy: 42972})
Restart: :permanent
Shutdown: 5000
Type: :worker
10:57:32.897 [info] Child {LXical.Server.Project.Diagnostics, "storage_ex"} of Supervisor :"storage_ex::supervisor" started
Pid: #PID<0.171.0>
Start Call: LXical.Server.Project.Diagnostics.start_link(%LXical.Project{root_uri: "file:///Users/zoedsoupe/dev/supabase/storage-ex", mix_exs_uri: "file:///Users/zoedsoupe/dev/supabase/storage-ex/mix.exs", mix_project?: true, mix_env: nil, mix_target: nil, env_variables: %{}, project_module: nil, entropy: 42972})
Restart: :permanent
Shutdown: 5000
Type: :worker
10:57:32.901 [info] Child {LXical.Server.Project.Intelligence, "storage_ex"} of Supervisor :"storage_ex::supervisor" started
Pid: #PID<0.172.0>
Start Call: LXical.Server.Project.Intelligence.start_link(%LXical.Project{root_uri: "file:///Users/zoedsoupe/dev/supabase/storage-ex", mix_exs_uri: "file:///Users/zoedsoupe/dev/supabase/storage-ex/mix.exs", mix_project?: true, mix_env: nil, mix_target: nil, env_variables: %{}, project_module: nil, entropy: 42972})
Restart: :permanent
Shutdown: 5000
Type: :worker
10:57:32.903 [info] Child LXical.Server.Project.SearchListener of Supervisor :"storage_ex::supervisor" started
Pid: #PID<0.173.0>
Start Call: LXical.Server.Project.SearchListener.start_link(%LXical.Project{root_uri: "file:///Users/zoedsoupe/dev/supabase/storage-ex", mix_exs_uri: "file:///Users/zoedsoupe/dev/supabase/storage-ex/mix.exs", mix_project?: true, mix_env: nil, mix_target: nil, env_variables: %{}, project_module: nil, entropy: 42972})
Restart: :permanent
Shutdown: 5000
Type: :worker
10:57:32.904 [info] Lexical Initialized
10:57:32.905 [info] opened file:///Users/zoedsoupe/dev/supabase/storage-ex/lib/supabase/storage/file.ex
10:57:34.027 [info] Compiled storage_ex in 1.1 seconds
10:59:06.433 [info] Resolved entity: {:call, Supabase.Storage.File, :belongs_to, 2}
10:59:06.438 [warn] Could not resolve hover request, got: {:error, :get_object_code_failed}
10:59:07.942 [info] Compiled storage_ex in 163 ms
10:59:46.507 [info] Compiled storage_ex in 179 ms
10:59:50.529 [error] Shutting down
10:59:50.529 [error] Received workspace/didChangeWatchedFiles after shutdown. Ignoring
10:59:50.540 [error] stdio received :eof, server will stop.
10:59:50.541 [error] Child LXical.Server.Transport.StdIO of Supervisor LXical.Server.Supervisor terminated
** (exit) normal
Pid: #PID<0.144.0>
Start Call: LXical.Server.Transport.StdIO.start_link(:standard_io, &LXical.Server.protocol_message/1)
Restart: :permanent
Shutdown: 5000
Type: :worker
10:59:50.541 [info] Child LXical.Server.Transport.StdIO of Supervisor LXical.Server.Supervisor started
Pid: #PID<0.175.0>
Start Call: LXical.Server.Transport.StdIO.start_link(:standard_io, &LXical.Server.protocol_message/1)
Restart: :permanent
Shutdown: 5000
Type: :worker
